\BOOKMARK [1][-]{section.1}{\376\377\000T\000h\000e\000\040\000B\000i\000g\000\040\000P\000i\000c\000t\000u\000r\000e\000\040\000\050\000E\000L\000I\0005\000\040\000V\000e\000r\000s\000i\000o\000n\000\051}{}% 1
\BOOKMARK [1][-]{section.2}{\376\377\000F\000u\000n\000d\000a\000m\000e\000n\000t\000a\000l\000\040\000C\000o\000n\000c\000e\000p\000t\000s}{}% 2
\BOOKMARK [2][-]{subsection.2.1}{\376\377\000W\000h\000a\000t\000\040\000A\000r\000e\000\040\000C\000h\000a\000r\000a\000c\000t\000e\000r\000i\000s\000t\000i\000c\000s\000?}{section.2}% 3
\BOOKMARK [2][-]{subsection.2.2}{\376\377\000W\000h\000a\000t\000\040\000A\000r\000e\000\040\000t\000h\000e\000\040\000R\000i\000e\000m\000a\000n\000n\000\040\000I\000n\000v\000a\000r\000i\000a\000n\000t\000s\000?}{section.2}% 4
\BOOKMARK [1][-]{section.3}{\376\377\000Y\000o\000u\000r\000\040\000S\000p\000e\000c\000i\000f\000i\000c\000\040\000S\000e\000t\000u\000p}{}% 5
\BOOKMARK [2][-]{subsection.3.1}{\376\377\000K\000n\000o\000w\000n\000\040\000Q\000u\000a\000n\000t\000i\000t\000i\000e\000s}{section.3}% 6
\BOOKMARK [1][-]{section.4}{\376\377\000S\000i\000g\000n\000\040\000a\000n\000d\000\040\000G\000e\000o\000m\000e\000t\000r\000y\000\040\000C\000o\000n\000v\000e\000n\000t\000i\000o\000n\000s}{}% 7
\BOOKMARK [1][-]{section.5}{\376\377\000C\000o\000m\000p\000l\000e\000t\000e\000\040\000S\000t\000e\000p\000-\000b\000y\000-\000S\000t\000e\000p\000\040\000P\000r\000o\000c\000e\000d\000u\000r\000e}{}% 8
\BOOKMARK [2][-]{subsection.5.1}{\376\377\000S\000t\000e\000p\000\040\0001\000:\000\040\000I\000n\000i\000t\000i\000a\000l\000\040\000P\000o\000i\000n\000t\000s\000\040\000o\000n\000\040\000t\000h\000e\000\040\000T\000h\000r\000o\000a\000t\000\040\000W\000a\000l\000l}{section.5}% 9
\BOOKMARK [3][-]{subsubsection.5.1.1}{\376\377\000W\000h\000y\000\040\000i\000\040\000=\000\040\000i\000\040\000i\000n\000\040\000t\000h\000e\000\040\000I\000n\000i\000t\000i\000a\000l\000\040\000S\000i\000m\000p\000l\000e\000-\000W\000a\000v\000e\000\040\000R\000e\000g\000i\000o\000n}{subsection.5.1}% 10
\BOOKMARK [2][-]{subsection.5.2}{\376\377\000S\000t\000e\000p\000\040\0002\000:\000\040\000P\000h\000y\000s\000i\000c\000a\000l\000\040\000L\000o\000c\000a\000t\000i\000o\000n\000s\000\040\000o\000f\000\040\000I\000n\000i\000t\000i\000a\000l\000\040\000W\000a\000l\000l\000\040\000P\000o\000i\000n\000t\000s}{section.5}% 11
\BOOKMARK [2][-]{subsection.5.3}{\376\377\000S\000t\000e\000p\000\040\0003\000:\000\040\000R\000e\000f\000l\000e\000c\000t\000i\000o\000n\000s\000\040\000o\000f\000f\000\040\000t\000h\000e\000\040\000C\000e\000n\000t\000e\000r\000l\000i\000n\000e\000\040\000\050\000S\000y\000m\000m\000e\000t\000r\000y\000\040\000L\000i\000n\000e\000\051}{section.5}% 12
\BOOKMARK [2][-]{subsection.5.4}{\376\377\000S\000t\000e\000p\000\040\0004\000:\000\040\000I\000n\000t\000e\000r\000i\000o\000r\000\040\000P\000o\000i\000n\000t\000s\000\040\000\050\000I\000n\000t\000e\000r\000s\000e\000c\000t\000i\000o\000n\000s\000\040\000o\000f\000\040\000C\000-\000\040\000a\000n\000d\000\040\000C\000+\000\040\000C\000h\000a\000r\000a\000c\000t\000e\000r\000i\000s\000t\000i\000c\000s\000\051}{section.5}% 13
\BOOKMARK [2][-]{subsection.5.5}{\376\377\000S\000t\000e\000p\000\040\0005\000:\000\040\000P\000h\000y\000s\000i\000c\000a\000l\000\040\000L\000o\000c\000a\000t\000i\000o\000n\000\040\000o\000f\000\040\000I\000n\000t\000e\000r\000i\000o\000r\000\040\000P\000o\000i\000n\000t\000s}{section.5}% 14
\BOOKMARK [2][-]{subsection.5.6}{\376\377\000S\000t\000e\000p\000\040\0006\000:\000\040\000W\000a\000l\000l\000\040\000P\000o\000i\000n\000t\000s\000\040\000i\000n\000\040\000t\000h\000e\000\040\000S\000t\000r\000a\000i\000g\000h\000t\000e\000n\000i\000n\000g\000\040\000S\000e\000c\000t\000i\000o\000n}{section.5}% 15
\BOOKMARK [3][-]{subsubsection.5.6.1}{\376\377\000T\000h\000e\000\040\000N\000o\000-\000R\000e\000f\000l\000e\000c\000t\000i\000o\000n\000\040\000C\000o\000n\000d\000i\000t\000i\000o\000n}{subsection.5.6}% 16
\BOOKMARK [3][-]{subsubsection.5.6.2}{\376\377\000C\000o\000m\000p\000u\000t\000i\000n\000g\000\040\000W\000a\000l\000l\000\040\000P\000o\000i\000n\000t\000\040\000P\000r\000o\000p\000e\000r\000t\000i\000e\000s}{subsection.5.6}% 17
\BOOKMARK [3][-]{subsubsection.5.6.3}{\376\377\000F\000i\000n\000d\000i\000n\000g\000\040\000t\000h\000e\000\040\000P\000h\000y\000s\000i\000c\000a\000l\000\040\000L\000o\000c\000a\000t\000i\000o\000n\000\040\000o\000f\000\040\000W\000a\000l\000l\000\040\000P\000o\000i\000n\000t\000s}{subsection.5.6}% 18
\BOOKMARK [1][-]{section.6}{\376\377\000S\000u\000m\000m\000a\000r\000y\000\040\000o\000f\000\040\000t\000h\000e\000\040\000A\000l\000g\000o\000r\000i\000t\000h\000m}{}% 19
\BOOKMARK [2][-]{subsection.6.1}{\376\377\000P\000h\000a\000s\000e\000\040\0001\000:\000\040\000S\000e\000t\000u\000p}{section.6}% 20
\BOOKMARK [2][-]{subsection.6.2}{\376\377\000P\000h\000a\000s\000e\000\040\0002\000:\000\040\000M\000a\000r\000c\000h\000\040\000t\000o\000\040\000C\000e\000n\000t\000e\000r\000l\000i\000n\000e\000\040\000\050\000F\000i\000r\000s\000t\000\040\000C\000o\000l\000u\000m\000n\000\051}{section.6}% 21
\BOOKMARK [2][-]{subsection.6.3}{\376\377\000P\000h\000a\000s\000e\000\040\0003\000:\000\040\000I\000n\000t\000e\000r\000i\000o\000r\000\040\000G\000r\000i\000d\000\040\000\050\000N\000o\000n\000-\000S\000i\000m\000p\000l\000e\000\040\000R\000e\000g\000i\000o\000n\000\051}{section.6}% 22
\BOOKMARK [2][-]{subsection.6.4}{\376\377\000P\000h\000a\000s\000e\000\040\0004\000:\000\040\000W\000a\000l\000l\000\040\000C\000o\000n\000t\000o\000u\000r\000\040\000\050\000S\000t\000r\000a\000i\000g\000h\000t\000e\000n\000i\000n\000g\000\040\000S\000e\000c\000t\000i\000o\000n\000\051}{section.6}% 23
\BOOKMARK [2][-]{subsection.6.5}{\376\377\000P\000h\000a\000s\000e\000\040\0005\000:\000\040\000V\000e\000r\000i\000f\000i\000c\000a\000t\000i\000o\000n}{section.6}% 24
\BOOKMARK [1][-]{section.7}{\376\377\000K\000e\000y\000\040\000E\000q\000u\000a\000t\000i\000o\000n\000s\000\040\000R\000e\000f\000e\000r\000e\000n\000c\000e}{}% 25
